\BOOKMARK [0][-]{chapter.1}{\376\377\000R\000e\000s\000u\000m\000e\000n}{}% 1
\BOOKMARK [0][-]{chapter.2}{\376\377\000G\000l\000o\000s\000a\000r\000i\000o\000\040\000\050\000E\000S\000/\000E\000N\000\051}{}% 2
\BOOKMARK [0][-]{chapter.3}{\376\377\000P\000l\000a\000n\000t\000e\000a\000m\000i\000e\000n\000t\000o\000\040\000d\000e\000l\000\040\000p\000r\000o\000b\000l\000e\000m\000a\000\040\000y\000\040\000j\000u\000s\000t\000i\000f\000i\000c\000a\000c\000i\000\363\000n}{}% 3
\BOOKMARK [1][-]{section.3.1}{\376\377\000C\000o\000n\000t\000e\000x\000t\000o\000\040\000d\000e\000l\000\040\000p\000r\000o\000b\000l\000e\000m\000a}{chapter.3}% 4
\BOOKMARK [1][-]{section.3.2}{\376\377\000M\000o\000t\000i\000v\000a\000c\000i\000\363\000n\000\040\000d\000e\000l\000\040\000p\000r\000o\000y\000e\000c\000t\000o}{chapter.3}% 5
\BOOKMARK [0][-]{chapter.4}{\376\377\000F\000u\000n\000d\000a\000m\000e\000n\000t\000a\000c\000i\000\363\000n\000\040\000t\000e\000\363\000r\000i\000c\000a\000\040\000y\000\040\000e\000s\000t\000a\000d\000o\000\040\000d\000e\000l\000\040\000a\000r\000t\000e}{}% 6
\BOOKMARK [0][-]{chapter.5}{\376\377\000O\000b\000j\000e\000t\000i\000v\000o\000s}{}% 7
\BOOKMARK [0][-]{chapter.6}{\376\377\000P\000l\000a\000n\000i\000f\000i\000c\000a\000c\000i\000\363\000n\000\040\000t\000e\000m\000p\000o\000r\000a\000l\000\040\000y\000\040\000e\000v\000a\000l\000u\000a\000c\000i\000\363\000n\000\040\000d\000e\000\040\000c\000o\000s\000t\000e}{}% 8
\BOOKMARK [1][-]{section.6.1}{\376\377\000P\000l\000a\000n\000i\000f\000i\000c\000a\000c\000i\000\363\000n\000\040\000t\000e\000m\000p\000o\000r\000a\000l}{chapter.6}% 9
\BOOKMARK [1][-]{section.6.2}{\376\377\000E\000v\000a\000l\000u\000a\000c\000i\000\363\000n\000\040\000d\000e\000\040\000c\000o\000s\000t\000e\000\040\000\050\000e\000s\000t\000i\000m\000a\000c\000i\000\363\000n\000\040\000a\000c\000a\000d\000\351\000m\000i\000c\000a\000\051}{chapter.6}% 10
\BOOKMARK [0][-]{chapter.7}{\376\377\000A\000n\000\341\000l\000i\000s\000i\000s\000\040\000d\000e\000\040\000r\000e\000q\000u\000i\000s\000i\000t\000o\000s}{}% 11
\BOOKMARK [1][-]{section.7.1}{\376\377\000R\000e\000q\000u\000i\000s\000i\000t\000o\000s\000\040\000f\000u\000n\000c\000i\000o\000n\000a\000l\000e\000s\000\040\000p\000r\000i\000o\000r\000i\000z\000a\000d\000o\000s}{chapter.7}% 12
\BOOKMARK [1][-]{section.7.2}{\376\377\000R\000e\000q\000u\000i\000s\000i\000t\000o\000s\000\040\000t\000\351\000c\000n\000i\000c\000o\000s\000\040\000d\000e\000\040\000s\000e\000g\000u\000r\000i\000d\000a\000d\000\040\000y\000\040\000a\000c\000c\000e\000s\000o}{chapter.7}% 13
\BOOKMARK [0][-]{chapter.8}{\376\377\000A\000n\000\341\000l\000i\000s\000i\000s\000\040\000d\000e\000l\000\040\000S\000i\000s\000t\000e\000m\000a}{}% 14
\BOOKMARK [1][-]{section.8.1}{\376\377\000I\000d\000e\000n\000t\000i\000f\000i\000c\000a\000c\000i\000\363\000n\000\040\000d\000e\000\040\000a\000c\000t\000o\000r\000e\000s}{chapter.8}% 15
\BOOKMARK [1][-]{section.8.2}{\376\377\000R\000e\000q\000u\000i\000s\000i\000t\000o\000s\000\040\000f\000u\000n\000c\000i\000o\000n\000a\000l\000e\000s}{chapter.8}% 16
\BOOKMARK [2][-]{subsection.8.2.1}{\376\377\000M\000\363\000d\000u\000l\000o\000\040\000d\000e\000\040\000a\000u\000t\000e\000n\000t\000i\000c\000a\000c\000i\000\363\000n\000\040\000y\000\040\000g\000e\000s\000t\000i\000\363\000n\000\040\000d\000e\000\040\000r\000o\000l\000e\000s}{section.8.2}% 17
\BOOKMARK [2][-]{subsection.8.2.2}{\376\377\000F\000u\000n\000c\000i\000o\000n\000a\000l\000i\000d\000a\000d\000e\000s\000\040\000d\000e\000l\000\040\000A\000l\000u\000m\000n\000o}{section.8.2}% 18
\BOOKMARK [2][-]{subsection.8.2.3}{\376\377\000F\000u\000n\000c\000i\000o\000n\000a\000l\000i\000d\000a\000d\000e\000s\000\040\000d\000e\000l\000\040\000C\000e\000n\000t\000r\000o\000\040\000F\000P}{section.8.2}% 19
\BOOKMARK [2][-]{subsection.8.2.4}{\376\377\000F\000u\000n\000c\000i\000o\000n\000a\000l\000i\000d\000a\000d\000e\000s\000\040\000d\000e\000\040\000l\000a\000\040\000E\000m\000p\000r\000e\000s\000a}{section.8.2}% 20
\BOOKMARK [1][-]{section.8.3}{\376\377\000R\000e\000q\000u\000i\000s\000i\000t\000o\000s\000\040\000n\000o\000\040\000f\000u\000n\000c\000i\000o\000n\000a\000l\000e\000s}{chapter.8}% 21
\BOOKMARK [0][-]{chapter.9}{\376\377\000D\000i\000s\000e\000\361\000o\000\040\000d\000e\000l\000\040\000S\000i\000s\000t\000e\000m\000a}{}% 22
\BOOKMARK [1][-]{section.9.1}{\376\377\000A\000r\000q\000u\000i\000t\000e\000c\000t\000u\000r\000a\000\040\000g\000e\000n\000e\000r\000a\000l}{chapter.9}% 23
\BOOKMARK [1][-]{section.9.2}{\376\377\000E\000s\000t\000r\000u\000c\000t\000u\000r\000a\000\040\000d\000e\000\040\000d\000i\000r\000e\000c\000t\000o\000r\000i\000o\000s}{chapter.9}% 24
\BOOKMARK [1][-]{section.9.3}{\376\377\000M\000o\000d\000e\000l\000o\000\040\000d\000e\000\040\000d\000a\000t\000o\000s}{chapter.9}% 25
\BOOKMARK [1][-]{section.9.4}{\376\377\000D\000i\000s\000e\000\361\000o\000\040\000d\000e\000\040\000l\000a\000\040\000i\000n\000t\000e\000r\000f\000a\000z\000\040\000d\000e\000\040\000u\000s\000u\000a\000r\000i\000o}{chapter.9}% 26
\BOOKMARK [0][-]{chapter.10}{\376\377\000M\000e\000t\000o\000d\000o\000l\000o\000g\000\355\000a}{}% 27
\BOOKMARK [0][-]{chapter.11}{\376\377\000C\000o\000d\000i\000f\000i\000c\000a\000c\000i\000\363\000n}{}% 28
\BOOKMARK [1][-]{section.11.1}{\376\377\000E\000n\000t\000o\000r\000n\000o\000\040\000d\000e\000\040\000p\000r\000o\000g\000r\000a\000m\000a\000c\000i\000\363\000n\000\040\000y\000\040\000h\000e\000r\000r\000a\000m\000i\000e\000n\000t\000a\000s}{chapter.11}% 29
\BOOKMARK [1][-]{section.11.2}{\376\377\000A\000s\000p\000e\000c\000t\000o\000s\000\040\000r\000e\000l\000e\000v\000a\000n\000t\000e\000s\000\040\000d\000e\000\040\000i\000m\000p\000l\000e\000m\000e\000n\000t\000a\000c\000i\000\363\000n}{chapter.11}% 30
\BOOKMARK [2][-]{subsection.11.2.1}{\376\377\000V\000a\000l\000i\000d\000a\000c\000i\000\363\000n\000\040\000d\000e\000\040\000d\000a\000t\000o\000s}{section.11.2}% 31
\BOOKMARK [2][-]{subsection.11.2.2}{\376\377\000C\000o\000n\000t\000r\000o\000l\000\040\000d\000e\000\040\000a\000c\000c\000e\000s\000o}{section.11.2}% 32
\BOOKMARK [2][-]{subsection.11.2.3}{\376\377\000P\000r\000o\000t\000e\000c\000c\000i\000\363\000n\000\040\000d\000e\000\040\000l\000a\000\040\000i\000n\000f\000o\000r\000m\000a\000c\000i\000\363\000n}{section.11.2}% 33
\BOOKMARK [2][-]{subsection.11.2.4}{\376\377\000E\000s\000t\000r\000u\000c\000t\000u\000r\000a\000\040\000m\000o\000d\000u\000l\000a\000r\000\040\000d\000e\000l\000\040\000b\000a\000c\000k\000e\000n\000d}{section.11.2}% 34
\BOOKMARK [0][-]{chapter.12}{\376\377\000R\000e\000s\000u\000l\000t\000a\000d\000o\000s}{}% 35
\BOOKMARK [1][-]{section.12.1}{\376\377\000E\000s\000t\000a\000d\000o\000\040\000a\000c\000t\000u\000a\000l\000\040\000d\000e\000l\000\040\000d\000e\000s\000a\000r\000r\000o\000l\000l\000o}{chapter.12}% 36
\BOOKMARK [0][-]{chapter.13}{\376\377\000P\000r\000u\000e\000b\000a\000s\000\040\000d\000e\000\040\000e\000j\000e\000c\000u\000c\000i\000\363\000n}{}% 37
\BOOKMARK [1][-]{section.13.1}{\376\377\000P\000r\000u\000e\000b\000a\000s\000\040\000f\000u\000n\000c\000i\000o\000n\000a\000l\000e\000s}{chapter.13}% 38
\BOOKMARK [1][-]{section.13.2}{\376\377\000P\000r\000u\000e\000b\000a\000s\000\040\000d\000e\000\040\000u\000s\000a\000b\000i\000l\000i\000d\000a\000d}{chapter.13}% 39
\BOOKMARK [1][-]{section.13.3}{\376\377\000P\000r\000u\000e\000b\000a\000s\000\040\000d\000e\000\040\000a\000c\000c\000e\000s\000i\000b\000i\000l\000i\000d\000a\000d}{chapter.13}% 40
\BOOKMARK [1][-]{section.13.4}{\376\377\000P\000r\000u\000e\000b\000a\000s\000\040\000d\000e\000\040\000s\000e\000g\000u\000r\000i\000d\000a\000d}{chapter.13}% 41
\BOOKMARK [1][-]{section.13.5}{\376\377\000P\000r\000u\000e\000b\000a\000s\000\040\000d\000e\000\040\000c\000a\000r\000g\000a\000\040\000\050\000e\000s\000t\000a\000d\000o\000\040\000a\000c\000t\000u\000a\000l\000\051}{chapter.13}% 42
\BOOKMARK [0][-]{chapter.14}{\376\377\000M\000a\000n\000u\000a\000l\000e\000s\000\040\000d\000e\000\040\000u\000s\000u\000a\000r\000i\000o}{}% 43
\BOOKMARK [1][-]{section.14.1}{\376\377\000O\000b\000j\000e\000t\000i\000v\000o}{chapter.14}% 44
\BOOKMARK [1][-]{section.14.2}{\376\377\000R\000e\000q\000u\000i\000s\000i\000t\000o\000s\000\040\000e\000\040\000i\000n\000s\000t\000a\000l\000a\000c\000i\000\363\000n}{chapter.14}% 45
\BOOKMARK [1][-]{section.14.3}{\376\377\000O\000p\000e\000r\000a\000c\000i\000o\000n\000e\000s\000\040\000h\000a\000b\000i\000t\000u\000a\000l\000e\000s}{chapter.14}% 46
\BOOKMARK [1][-]{section.14.4}{\376\377\000M\000e\000n\000s\000a\000j\000e\000s\000\040\000d\000e\000\040\000e\000r\000r\000o\000r\000\040\000c\000o\000m\000u\000n\000e\000s}{chapter.14}% 47
\BOOKMARK [0][-]{chapter.15}{\376\377\000C\000o\000n\000c\000l\000u\000s\000i\000o\000n\000e\000s}{}% 48
\BOOKMARK [1][-]{section.15.1}{\376\377\000G\000r\000a\000d\000o\000\040\000d\000e\000\040\000c\000o\000n\000s\000e\000c\000u\000c\000i\000\363\000n\000\040\000d\000e\000\040\000o\000b\000j\000e\000t\000i\000v\000o\000s}{chapter.15}% 49
\BOOKMARK [1][-]{section.15.2}{\376\377\000L\000i\000m\000i\000t\000a\000c\000i\000o\000n\000e\000s}{chapter.15}% 50
\BOOKMARK [1][-]{section.15.3}{\376\377\000F\000u\000t\000u\000r\000a\000s\000\040\000l\000\355\000n\000e\000a\000s\000\040\000d\000e\000\040\000t\000r\000a\000b\000a\000j\000o}{chapter.15}% 51
\BOOKMARK [0][-]{chapter.16}{\376\377\000B\000i\000b\000l\000i\000o\000g\000r\000a\000f\000\355\000a}{}% 52
\BOOKMARK [0][-]{chapter.17}{\376\377\000A\000n\000e\000x\000o\000s}{}% 53
